<?xml version="1.0" encoding="UTF-8"?>
<testsuite xmlns:xsi="http://www.w3.org/2001/XMLSchema-instance" xsi:noNamespaceSchemaLocation="https://maven.apache.org/surefire/maven-surefire-plugin/xsd/surefire-test-report-3.0.xsd" version="3.0" name="org.example.flowmod.FlowModifierUITest" time="4.523" tests="1" errors="0" skipped="0" failures="1">
  <properties>
    <property name="java.specification.version" value="21"/>
    <property name="javafx.runtime.version" value="21.0.2+5"/>
    <property name="sun.jnu.encoding" value="UTF-8"/>
    <property name="java.class.path" value="/Users/adamgauthier/Documents/GitHub/FlowModifierCalculator/target/test-classes:/Users/adamgauthier/Documents/GitHub/FlowModifierCalculator/target/classes:/Users/adamgauthier/.m2/repository/org/junit/jupiter/junit-jupiter/5.10.2/junit-jupiter-5.10.2.jar:/Users/adamgauthier/.m2/repository/org/junit/jupiter/junit-jupiter-api/5.10.2/junit-jupiter-api-5.10.2.jar:/Users/adamgauthier/.m2/repository/org/opentest4j/opentest4j/1.3.0/opentest4j-1.3.0.jar:/Users/adamgauthier/.m2/repository/org/junit/platform/junit-platform-commons/1.10.2/junit-platform-commons-1.10.2.jar:/Users/adamgauthier/.m2/repository/org/apiguardian/apiguardian-api/1.1.2/apiguardian-api-1.1.2.jar:/Users/adamgauthier/.m2/repository/org/junit/jupiter/junit-jupiter-params/5.10.2/junit-jupiter-params-5.10.2.jar:/Users/adamgauthier/.m2/repository/org/junit/jupiter/junit-jupiter-engine/5.10.2/junit-jupiter-engine-5.10.2.jar:/Users/adamgauthier/.m2/repository/org/junit/platform/junit-platform-engine/1.10.2/junit-platform-engine-1.10.2.jar:/Users/adamgauthier/.m2/repository/com/google/code/gson/gson/2.10.1/gson-2.10.1.jar:/Users/adamgauthier/.m2/repository/org/openjfx/javafx-controls/21.0.2/javafx-controls-21.0.2.jar:/Users/adamgauthier/.m2/repository/org/openjfx/javafx-controls/21.0.2/javafx-controls-21.0.2-mac.jar:/Users/adamgauthier/.m2/repository/org/openjfx/javafx-graphics/21.0.2/javafx-graphics-21.0.2.jar:/Users/adamgauthier/.m2/repository/org/openjfx/javafx-graphics/21.0.2/javafx-graphics-21.0.2-mac.jar:/Users/adamgauthier/.m2/repository/org/openjfx/javafx-base/21.0.2/javafx-base-21.0.2.jar:/Users/adamgauthier/.m2/repository/org/openjfx/javafx-base/21.0.2/javafx-base-21.0.2-mac.jar:/Users/adamgauthier/.m2/repository/org/openjfx/javafx-web/21.0.2/javafx-web-21.0.2.jar:/Users/adamgauthier/.m2/repository/org/openjfx/javafx-web/21.0.2/javafx-web-21.0.2-mac.jar:/Users/adamgauthier/.m2/repository/org/openjfx/javafx-media/21.0.2/javafx-media-21.0.2.jar:/Users/adamgauthier/.m2/repository/org/openjfx/javafx-media/21.0.2/javafx-media-21.0.2-mac.jar:/Users/adamgauthier/.m2/repository/org/testfx/testfx-junit5/4.0.16-alpha/testfx-junit5-4.0.16-alpha.jar:/Users/adamgauthier/.m2/repository/org/testfx/testfx-core/4.0.16-alpha/testfx-core-4.0.16-alpha.jar:/Users/adamgauthier/.m2/repository/org/hamcrest/hamcrest-core/1.3/hamcrest-core-1.3.jar:/Users/adamgauthier/.m2/repository/org/assertj/assertj-core/3.13.2/assertj-core-3.13.2.jar:"/>
    <property name="java.vm.vendor" value="Eclipse Adoptium"/>
    <property name="sun.arch.data.model" value="64"/>
    <property name="java.vendor.url" value="https://adoptium.net/"/>
    <property name="user.timezone" value="America/Edmonton"/>
    <property name="os.name" value="Mac OS X"/>
    <property name="java.vm.specification.version" value="21"/>
    <property name="javafx.version" value="21.0.2"/>
    <property name="sun.java.launcher" value="SUN_STANDARD"/>
    <property name="user.country" value="CA"/>
    <property name="sun.boot.library.path" value="/Library/Java/JavaVirtualMachines/temurin-21.jdk/Contents/Home/lib"/>
    <property name="sun.java.command" value="/Users/adamgauthier/Documents/GitHub/FlowModifierCalculator/target/surefire/surefirebooter-20250518200504430_3.jar /Users/adamgauthier/Documents/GitHub/FlowModifierCalculator/target/surefire 2025-05-18T20-05-04_301-jvmRun1 surefire-20250518200504430_1tmp surefire_0-20250518200504430_2tmp"/>
    <property name="http.nonProxyHosts" value="local|*.local|169.254/16|*.169.254/16"/>
    <property name="jdk.debug" value="release"/>
    <property name="surefire.test.class.path" value="/Users/adamgauthier/Documents/GitHub/FlowModifierCalculator/target/test-classes:/Users/adamgauthier/Documents/GitHub/FlowModifierCalculator/target/classes:/Users/adamgauthier/.m2/repository/org/junit/jupiter/junit-jupiter/5.10.2/junit-jupiter-5.10.2.jar:/Users/adamgauthier/.m2/repository/org/junit/jupiter/junit-jupiter-api/5.10.2/junit-jupiter-api-5.10.2.jar:/Users/adamgauthier/.m2/repository/org/opentest4j/opentest4j/1.3.0/opentest4j-1.3.0.jar:/Users/adamgauthier/.m2/repository/org/junit/platform/junit-platform-commons/1.10.2/junit-platform-commons-1.10.2.jar:/Users/adamgauthier/.m2/repository/org/apiguardian/apiguardian-api/1.1.2/apiguardian-api-1.1.2.jar:/Users/adamgauthier/.m2/repository/org/junit/jupiter/junit-jupiter-params/5.10.2/junit-jupiter-params-5.10.2.jar:/Users/adamgauthier/.m2/repository/org/junit/jupiter/junit-jupiter-engine/5.10.2/junit-jupiter-engine-5.10.2.jar:/Users/adamgauthier/.m2/repository/org/junit/platform/junit-platform-engine/1.10.2/junit-platform-engine-1.10.2.jar:/Users/adamgauthier/.m2/repository/com/google/code/gson/gson/2.10.1/gson-2.10.1.jar:/Users/adamgauthier/.m2/repository/org/openjfx/javafx-controls/21.0.2/javafx-controls-21.0.2.jar:/Users/adamgauthier/.m2/repository/org/openjfx/javafx-controls/21.0.2/javafx-controls-21.0.2-mac.jar:/Users/adamgauthier/.m2/repository/org/openjfx/javafx-graphics/21.0.2/javafx-graphics-21.0.2.jar:/Users/adamgauthier/.m2/repository/org/openjfx/javafx-graphics/21.0.2/javafx-graphics-21.0.2-mac.jar:/Users/adamgauthier/.m2/repository/org/openjfx/javafx-base/21.0.2/javafx-base-21.0.2.jar:/Users/adamgauthier/.m2/repository/org/openjfx/javafx-base/21.0.2/javafx-base-21.0.2-mac.jar:/Users/adamgauthier/.m2/repository/org/openjfx/javafx-web/21.0.2/javafx-web-21.0.2.jar:/Users/adamgauthier/.m2/repository/org/openjfx/javafx-web/21.0.2/javafx-web-21.0.2-mac.jar:/Users/adamgauthier/.m2/repository/org/openjfx/javafx-media/21.0.2/javafx-media-21.0.2.jar:/Users/adamgauthier/.m2/repository/org/openjfx/javafx-media/21.0.2/javafx-media-21.0.2-mac.jar:/Users/adamgauthier/.m2/repository/org/testfx/testfx-junit5/4.0.16-alpha/testfx-junit5-4.0.16-alpha.jar:/Users/adamgauthier/.m2/repository/org/testfx/testfx-core/4.0.16-alpha/testfx-core-4.0.16-alpha.jar:/Users/adamgauthier/.m2/repository/org/hamcrest/hamcrest-core/1.3/hamcrest-core-1.3.jar:/Users/adamgauthier/.m2/repository/org/assertj/assertj-core/3.13.2/assertj-core-3.13.2.jar:"/>
    <property name="sun.cpu.endian" value="little"/>
    <property name="user.home" value="/Users/adamgauthier"/>
    <property name="user.language" value="en"/>
    <property name="java.specification.vendor" value="Oracle Corporation"/>
    <property name="java.version.date" value="2025-04-15"/>
    <property name="java.home" value="/Library/Java/JavaVirtualMachines/temurin-21.jdk/Contents/Home"/>
    <property name="file.separator" value="/"/>
    <property name="basedir" value="/Users/adamgauthier/Documents/GitHub/FlowModifierCalculator"/>
    <property name="java.vm.compressedOopsMode" value="Zero based"/>
    <property name="line.separator" value="&#10;"/>
    <property name="java.vm.specification.vendor" value="Oracle Corporation"/>
    <property name="java.specification.name" value="Java Platform API Specification"/>
    <property name="apple.awt.application.name" value="ForkedBooter"/>
    <property name="surefire.real.class.path" value="/Users/adamgauthier/Documents/GitHub/FlowModifierCalculator/target/surefire/surefirebooter-20250518200504430_3.jar"/>
    <property name="sun.management.compiler" value="HotSpot 64-Bit Tiered Compilers"/>
    <property name="ftp.nonProxyHosts" value="local|*.local|169.254/16|*.169.254/16"/>
    <property name="java.runtime.version" value="21.0.7+6-LTS"/>
    <property name="user.name" value="adamgauthier"/>
    <property name="stdout.encoding" value="UTF-8"/>
    <property name="path.separator" value=":"/>
    <property name="os.version" value="15.3.2"/>
    <property name="java.runtime.name" value="OpenJDK Runtime Environment"/>
    <property name="file.encoding" value="UTF-8"/>
    <property name="java.vm.name" value="OpenJDK 64-Bit Server VM"/>
    <property name="java.vendor.version" value="Temurin-21.0.7+6"/>
    <property name="localRepository" value="/Users/adamgauthier/.m2/repository"/>
    <property name="java.vendor.url.bug" value="https://github.com/adoptium/adoptium-support/issues"/>
    <property name="java.io.tmpdir" value="/var/folders/8n/r8drkkpj0p92z8613ph1zy4r0000gn/T/"/>
    <property name="java.version" value="21.0.7"/>
    <property name="user.dir" value="/Users/adamgauthier/Documents/GitHub/FlowModifierCalculator"/>
    <property name="os.arch" value="x86_64"/>
    <property name="java.vm.specification.name" value="Java Virtual Machine Specification"/>
    <property name="native.encoding" value="UTF-8"/>
    <property name="java.library.path" value="/Users/adamgauthier/Library/Java/Extensions:/Library/Java/Extensions:/Network/Library/Java/Extensions:/System/Library/Java/Extensions:/usr/lib/java:."/>
    <property name="java.vm.info" value="mixed mode"/>
    <property name="stderr.encoding" value="UTF-8"/>
    <property name="java.vendor" value="Eclipse Adoptium"/>
    <property name="java.vm.version" value="21.0.7+6-LTS"/>
    <property name="sun.io.unicode.encoding" value="UnicodeBig"/>
    <property name="socksNonProxyHosts" value="local|*.local|169.254/16|*.169.254/16"/>
    <property name="java.class.version" value="65.0"/>
  </properties>
  <testcase name="tableHasExpectedRows" classname="org.example.flowmod.FlowModifierUITest" time="4.492">
    <failure message="expected: &lt;true&gt; but was: &lt;false&gt;" type="org.opentest4j.AssertionFailedError"><![CDATA[org.opentest4j.AssertionFailedError: expected: <true> but was: <false>
	at org.junit.jupiter.api.AssertionFailureBuilder.build(AssertionFailureBuilder.java:151)
	at org.junit.jupiter.api.AssertionFailureBuilder.buildAndThrow(AssertionFailureBuilder.java:132)
	at org.junit.jupiter.api.AssertTrue.failNotTrue(AssertTrue.java:63)
	at org.junit.jupiter.api.AssertTrue.assertTrue(AssertTrue.java:36)
	at org.junit.jupiter.api.AssertTrue.assertTrue(AssertTrue.java:31)
	at org.junit.jupiter.api.Assertions.assertTrue(Assertions.java:183)
	at org.example.flowmod.FlowModifierUITest.tableHasExpectedRows(FlowModifierUITest.java:26)
	at java.base/java.lang.reflect.Method.invoke(Method.java:580)
	at java.base/java.util.ArrayList.forEach(ArrayList.java:1596)
	at java.base/java.util.ArrayList.forEach(ArrayList.java:1596)
]]></failure>
    <system-err><![CDATA[May 18, 2025 8:05:05 P.M. com.sun.javafx.application.PlatformImpl startup
WARNING: Unsupported JavaFX configuration: classes were loaded from 'unnamed module @61230f6a'
]]></system-err>
  </testcase>
</testsuite>